Sender: LSF System <lsfadmin@polus-c2-ib.bmc.hpc.cs.msu.ru>
Subject: Job 951658: <# this file was automaticly created by mpisubmit.pl script for edu-cmc-skmodel22-621-01 #;source /polusfs/setenv/setup.SMPI;#BSUB -n 16;#BSUB -W 00:15;#BSUB -o res/res_st_eps3.0e-5_point5000_run1_p16.out;#BSUB -e program.%J.err;OMP_NUM_THREADS=8 mpiexec program 3.0e-5 5000> in cluster <MSUCluster> Done

Job <# this file was automaticly created by mpisubmit.pl script for edu-cmc-skmodel22-621-01 #;source /polusfs/setenv/setup.SMPI;#BSUB -n 16;#BSUB -W 00:15;#BSUB -o res/res_st_eps3.0e-5_point5000_run1_p16.out;#BSUB -e program.%J.err;OMP_NUM_THREADS=8 mpiexec program 3.0e-5 5000> was submitted from host <polus-ib.bmc.hpc.cs.msu.ru> by user <edu-cmc-skmodel22-621-01> in cluster <MSUCluster> at Sun Oct 30 12:17:29 2022
Job was executed on host(s) <14*polus-c2-ib.bmc.hpc.cs.msu.ru>, in queue <short>, as user <edu-cmc-skmodel22-621-01> in cluster <MSUCluster> at Sun Oct 30 12:17:30 2022
                            <2*polus-c4-ib.bmc.hpc.cs.msu.ru>
</home_edu/edu-cmc-skmodel22-621/edu-cmc-skmodel22-621-01> was used as the home directory.
</home_edu/edu-cmc-skmodel22-621/edu-cmc-skmodel22-621-01/task2> was used as the working directory.
Started at Sun Oct 30 12:17:30 2022
Terminated at Sun Oct 30 12:17:34 2022
Results reported at Sun Oct 30 12:17:34 2022

Your job looked like:

------------------------------------------------------------
# LSBATCH: User input
# this file was automaticly created by mpisubmit.pl script for edu-cmc-skmodel22-621-01 #
source /polusfs/setenv/setup.SMPI
#BSUB -n 16
#BSUB -W 00:15
#BSUB -o res/res_st_eps3.0e-5_point5000_run1_p16.out
#BSUB -e program.%J.err
OMP_NUM_THREADS=8 mpiexec program 3.0e-5 5000

------------------------------------------------------------

Successfully completed.

Resource usage summary:

    CPU time :                                   47.08 sec.
    Max Memory :                                 756 MB
    Average Memory :                             504.33 MB
    Total Requested Memory :                     -
    Delta Memory :                               -
    Max Swap :                                   -
    Max Processes :                              18
    Max Threads :                                58
    Run time :                                   4 sec.
    Turnaround time :                            5 sec.

The output (if any) follows:

e = 0.00003000000000000
Points = 5000
Result = 0.06228336330687632
Error = 0.00002916461833419
Iterations = 441
Time = 2.25682522798888385


PS:

Read file <program.951658.err> for stderr output of this job.

