Sender: LSF System <lsfadmin@polus-c2-ib.bmc.hpc.cs.msu.ru>
Subject: Job 951679: <# this file was automaticly created by mpisubmit.pl script for edu-cmc-skmodel22-621-01 #;source /polusfs/setenv/setup.SMPI;#BSUB -n 16;#BSUB -W 00:15;#BSUB -o res/res_st_eps5.0e-6_point20000_run1_p16.out;#BSUB -e program.%J.err;OMP_NUM_THREADS=8 mpiexec program 5.0e-6 20000> in cluster <MSUCluster> Done

Job <# this file was automaticly created by mpisubmit.pl script for edu-cmc-skmodel22-621-01 #;source /polusfs/setenv/setup.SMPI;#BSUB -n 16;#BSUB -W 00:15;#BSUB -o res/res_st_eps5.0e-6_point20000_run1_p16.out;#BSUB -e program.%J.err;OMP_NUM_THREADS=8 mpiexec program 5.0e-6 20000> was submitted from host <polus-ib.bmc.hpc.cs.msu.ru> by user <edu-cmc-skmodel22-621-01> in cluster <MSUCluster> at Sun Oct 30 12:17:30 2022
Job was executed on host(s) <12*polus-c2-ib.bmc.hpc.cs.msu.ru>, in queue <short>, as user <edu-cmc-skmodel22-621-01> in cluster <MSUCluster> at Sun Oct 30 12:18:00 2022
                            <4*polus-c4-ib.bmc.hpc.cs.msu.ru>
</home_edu/edu-cmc-skmodel22-621/edu-cmc-skmodel22-621-01> was used as the home directory.
</home_edu/edu-cmc-skmodel22-621/edu-cmc-skmodel22-621-01/task2> was used as the working directory.
Started at Sun Oct 30 12:18:00 2022
Terminated at Sun Oct 30 12:18:02 2022
Results reported at Sun Oct 30 12:18:02 2022

Your job looked like:

------------------------------------------------------------
# LSBATCH: User input
# this file was automaticly created by mpisubmit.pl script for edu-cmc-skmodel22-621-01 #
source /polusfs/setenv/setup.SMPI
#BSUB -n 16
#BSUB -W 00:15
#BSUB -o res/res_st_eps5.0e-6_point20000_run1_p16.out
#BSUB -e program.%J.err
OMP_NUM_THREADS=8 mpiexec program 5.0e-6 20000

------------------------------------------------------------

Successfully completed.

Resource usage summary:

    CPU time :                                   16.11 sec.
    Max Memory :                                 651 MB
    Average Memory :                             434.33 MB
    Total Requested Memory :                     -
    Delta Memory :                               -
    Max Swap :                                   -
    Max Processes :                              16
    Max Threads :                                52
    Run time :                                   2 sec.
    Turnaround time :                            32 sec.

The output (if any) follows:

e = 0.00000500000000000
Points = 20000
Result = 0.06225118279271873
Error = 0.00000301589582340
Iterations = 18
Time = 0.66435890994034708


PS:

Read file <program.951679.err> for stderr output of this job.

