Sender: LSF System <lsfadmin@polus-c4-ib.bmc.hpc.cs.msu.ru>
Subject: Job 951678: <# this file was automaticly created by mpisubmit.pl script for edu-cmc-skmodel22-621-01 #;source /polusfs/setenv/setup.SMPI;#BSUB -n 4;#BSUB -W 00:15;#BSUB -o res/res_st_eps5.0e-6_point20000_run1_p4.out;#BSUB -e program.%J.err;OMP_NUM_THREADS=8 mpiexec program 5.0e-6 20000> in cluster <MSUCluster> Done

Job <# this file was automaticly created by mpisubmit.pl script for edu-cmc-skmodel22-621-01 #;source /polusfs/setenv/setup.SMPI;#BSUB -n 4;#BSUB -W 00:15;#BSUB -o res/res_st_eps5.0e-6_point20000_run1_p4.out;#BSUB -e program.%J.err;OMP_NUM_THREADS=8 mpiexec program 5.0e-6 20000> was submitted from host <polus-ib.bmc.hpc.cs.msu.ru> by user <edu-cmc-skmodel22-621-01> in cluster <MSUCluster> at Sun Oct 30 12:17:30 2022
Job was executed on host(s) <4*polus-c4-ib.bmc.hpc.cs.msu.ru>, in queue <short>, as user <edu-cmc-skmodel22-621-01> in cluster <MSUCluster> at Sun Oct 30 12:17:45 2022
</home_edu/edu-cmc-skmodel22-621/edu-cmc-skmodel22-621-01> was used as the home directory.
</home_edu/edu-cmc-skmodel22-621/edu-cmc-skmodel22-621-01/task2> was used as the working directory.
Started at Sun Oct 30 12:17:45 2022
Terminated at Sun Oct 30 12:17:47 2022
Results reported at Sun Oct 30 12:17:47 2022

Your job looked like:

------------------------------------------------------------
# LSBATCH: User input
# this file was automaticly created by mpisubmit.pl script for edu-cmc-skmodel22-621-01 #
source /polusfs/setenv/setup.SMPI
#BSUB -n 4
#BSUB -W 00:15
#BSUB -o res/res_st_eps5.0e-6_point20000_run1_p4.out
#BSUB -e program.%J.err
OMP_NUM_THREADS=8 mpiexec program 5.0e-6 20000

------------------------------------------------------------

Successfully completed.

Resource usage summary:

    CPU time :                                   3.20 sec.
    Max Memory :                                 15 MB
    Average Memory :                             10.33 MB
    Total Requested Memory :                     -
    Delta Memory :                               -
    Max Swap :                                   -
    Max Processes :                              4
    Max Threads :                                6
    Run time :                                   2 sec.
    Turnaround time :                            17 sec.

The output (if any) follows:

e = 0.00000500000000000
Points = 20000
Result = 0.06225654862705693
Error = 0.00000234993851480
Iterations = 37
Time = 0.44244467513635755


PS:

Read file <program.951678.err> for stderr output of this job.

